/*C25*/SET SCHEMA PUBLIC
DISCONNECT
/*C34*/SET SCHEMA PUBLIC
DISCONNECT
/*C33*/SET SCHEMA PUBLIC
DISCONNECT
/*C32*/SET SCHEMA PUBLIC
DISCONNECT
/*C31*/SET SCHEMA PUBLIC
DISCONNECT
/*C30*/SET SCHEMA PUBLIC
DISCONNECT
/*C29*/SET SCHEMA PUBLIC
DISCONNECT
/*C28*/SET SCHEMA PUBLIC
DISCONNECT
/*C27*/SET SCHEMA PUBLIC
DISCONNECT
/*C26*/SET SCHEMA PUBLIC
DISCONNECT
/*C15*/SET SCHEMA PUBLIC
DISCONNECT
/*C16*/SET SCHEMA PUBLIC
DISCONNECT
/*C17*/SET SCHEMA PUBLIC
DISCONNECT
/*C18*/SET SCHEMA PUBLIC
DISCONNECT
/*C19*/SET SCHEMA PUBLIC
DISCONNECT
/*C20*/SET SCHEMA PUBLIC
DISCONNECT
/*C21*/SET SCHEMA PUBLIC
DISCONNECT
/*C22*/SET SCHEMA PUBLIC
DISCONNECT
/*C23*/SET SCHEMA PUBLIC
DISCONNECT
/*C24*/SET SCHEMA PUBLIC
DISCONNECT
/*C35*/SET SCHEMA PUBLIC
DISCONNECT
/*C36*/SET SCHEMA PUBLIC
DISCONNECT
/*C37*/SET SCHEMA PUBLIC
DISCONNECT
/*C38*/SET SCHEMA PUBLIC
DISCONNECT
/*C39*/SET SCHEMA PUBLIC
DISCONNECT
/*C40*/SET SCHEMA PUBLIC
DISCONNECT
/*C41*/SET SCHEMA PUBLIC
DISCONNECT
/*C42*/SET SCHEMA PUBLIC
DISCONNECT
/*C43*/SET SCHEMA PUBLIC
DISCONNECT
/*C44*/SET SCHEMA PUBLIC
DISCONNECT
/*C45*/SET SCHEMA PUBLIC
INSERT INTO GASTO VALUES(6,3,3,33.33,'Prueba de gasto add ola misa','2023-11-15')
COMMIT
/*C55*/SET SCHEMA PUBLIC
SET SCHEMA PUBLIC
/*C56*/SET SCHEMA PUBLIC
SET SCHEMA PUBLIC
/*C57*/SET SCHEMA PUBLIC
SET SCHEMA PUBLIC
/*C45*/DELETE FROM GASTO WHERE ID=6
INSERT INTO GASTO VALUES(6,1,1,44.44,'update','2023-11-15')
COMMIT
DELETE FROM GASTO WHERE ID=6
COMMIT
DISCONNECT
/*C46*/SET SCHEMA PUBLIC
DISCONNECT
/*C47*/SET SCHEMA PUBLIC
DISCONNECT
/*C48*/SET SCHEMA PUBLIC
DISCONNECT
/*C49*/SET SCHEMA PUBLIC
DISCONNECT
/*C50*/SET SCHEMA PUBLIC
DISCONNECT
/*C51*/SET SCHEMA PUBLIC
DISCONNECT
/*C52*/SET SCHEMA PUBLIC
DISCONNECT
/*C53*/SET SCHEMA PUBLIC
DISCONNECT
/*C54*/SET SCHEMA PUBLIC
DISCONNECT
/*C58*/SET SCHEMA PUBLIC
INSERT INTO USUARIO VALUES(4,'misael','clave1','misael@email.com')
COMMIT
DELETE FROM USUARIO WHERE ID=4
INSERT INTO USUARIO VALUES(4,'misael corde','clave1','misael@email.com')
COMMIT
DELETE FROM USUARIO WHERE ID=4
COMMIT
INSERT INTO CATEGORIA VALUES(6,'prueba')
COMMIT
DELETE FROM CATEGORIA WHERE ID=6
INSERT INTO CATEGORIA VALUES(6,'cambio de cat')
COMMIT
DELETE FROM CATEGORIA WHERE ID=6
COMMIT
